Using pre-set license
Built from '2020.3/staging' branch; Version is '2020.3.14f1 (d0d1bb862f9d) revision 13685179'; Using compiler version '192528614'; Build Type 'Release'
OS: 'Windows 10 Pro; OS build 19043.1237; Version 2009; 64bit' Language: 'en' Physical Memory: 8005 MB
BatchMode: 1, IsHumanControllingUs: 0, StartBugReporterOnCrash: 0, Is64bit: 1, IsPro: 0

 COMMAND LINE ARGUMENTS:
C:\Program Files\Unity\Hub\Editor\2020.3.14f1\Editor\Unity.exe
-adb2
-batchMode
-noUpm
-name
AssetImportWorker0
-projectPath
C:/Users/lauti/Desktop/trash/Stuff/ProyectosUnity/Proyecto-X/Proyecto X - V 0.1
-logFile
Logs/AssetImportWorker0.log
-srvPort
61540
Successfully changed project path to: C:/Users/lauti/Desktop/trash/Stuff/ProyectosUnity/Proyecto-X/Proyecto X - V 0.1
C:/Users/lauti/Desktop/trash/Stuff/ProyectosUnity/Proyecto-X/Proyecto X - V 0.1
Using Asset Import Pipeline V2.
Refreshing native plugins compatible for Editor in 42.98 ms, found 3 plugins.
Preloading 0 native plugins for Editor in 0.00 ms.
Initialize engine version: 2020.3.14f1 (d0d1bb862f9d)
[Subsystems] Discovering subsystems at path C:/Program Files/Unity/Hub/Editor/2020.3.14f1/Editor/Data/Resources/UnitySubsystems
[Subsystems] Discovering subsystems at path C:/Users/lauti/Desktop/trash/Stuff/ProyectosUnity/Proyecto-X/Proyecto X - V 0.1/Assets
GfxDevice: creating device client; threaded=0
Direct3D:
    Version:  Direct3D 11.0 [level 11.1]
    Renderer: Radeon RX 570 Series (ID=0x67df)
    Vendor:   
    VRAM:     8171 MB
    Driver:   30.0.13017.5006
Initialize mono
Mono path[0] = 'C:/Program Files/Unity/Hub/Editor/2020.3.14f1/Editor/Data/Managed'
Mono path[1] = 'C:/Program Files/Unity/Hub/Editor/2020.3.14f1/Editor/Data/MonoBleedingEdge/lib/mono/unityjit'
Mono config path = 'C:/Program Files/Unity/Hub/Editor/2020.3.14f1/Editor/Data/MonoBleedingEdge/etc'
Using monoOptions --debugger-agent=transport=dt_socket,embedding=1,server=y,suspend=n,address=127.0.0.1:56552
Begin MonoManager ReloadAssembly
Registering precompiled unity dll's ...
Register platform support module: C:/Program Files/Unity/Hub/Editor/2020.3.14f1/Editor/Data/PlaybackEngines/WindowsStandaloneSupport/UnityEditor.WindowsStandalone.Extensions.dll
Registered in 0.001949 seconds.
Native extension for WindowsStandalone target not found
Refreshing native plugins compatible for Editor in 41.88 ms, found 3 plugins.
Preloading 0 native plugins for Editor in 0.00 ms.
Mono: successfully reloaded assembly
- Completed reload, in  2.113 seconds
Domain Reload Profiling:
	ReloadAssembly (2113ms)
		BeginReloadAssembly (64ms)
			ExecutionOrderSort (0ms)
			DisableScriptedObjects (0ms)
			BackupInstance (0ms)
			ReleaseScriptingObjects (0ms)
			CreateAndSetChildDomain (1ms)
		EndReloadAssembly (440ms)
			LoadAssemblies (62ms)
			RebuildTransferFunctionScriptingTraits (0ms)
			SetupTypeCache (155ms)
			ReleaseScriptCaches (0ms)
			RebuildScriptCaches (36ms)
			SetupLoadedEditorAssemblies (177ms)
				LogAssemblyErrors (0ms)
				InitializePlatformSupportModulesInManaged (4ms)
				SetLoadedEditorAssemblies (0ms)
				RefreshPlugins (42ms)
				BeforeProcessingInitializeOnLoad (15ms)
				ProcessInitializeOnLoadAttributes (87ms)
				ProcessInitializeOnLoadMethodAttributes (29ms)
				AfterProcessingInitializeOnLoad (0ms)
				EditorAssembliesLoaded (0ms)
			ExecutionOrderSort2 (0ms)
			AwakeInstancesAfterBackupRestoration (0ms)
Platform modules already initialized, skipping
Registering precompiled user dll's ...
Registered in 0.004346 seconds.
Begin MonoManager ReloadAssembly
Native extension for WindowsStandalone target not found
Refreshing native plugins compatible for Editor in 51.74 ms, found 3 plugins.
Preloading 0 native plugins for Editor in 0.00 ms.
Mono: successfully reloaded assembly
- Completed reload, in  1.298 seconds
Domain Reload Profiling:
	ReloadAssembly (1299ms)
		BeginReloadAssembly (158ms)
			ExecutionOrderSort (0ms)
			DisableScriptedObjects (6ms)
			BackupInstance (0ms)
			ReleaseScriptingObjects (0ms)
			CreateAndSetChildDomain (20ms)
		EndReloadAssembly (1073ms)
			LoadAssemblies (99ms)
			RebuildTransferFunctionScriptingTraits (0ms)
			SetupTypeCache (319ms)
			ReleaseScriptCaches (0ms)
			RebuildScriptCaches (72ms)
			SetupLoadedEditorAssemblies (434ms)
				LogAssemblyErrors (0ms)
				InitializePlatformSupportModulesInManaged (5ms)
				SetLoadedEditorAssemblies (0ms)
				RefreshPlugins (52ms)
				BeforeProcessingInitializeOnLoad (123ms)
				ProcessInitializeOnLoadAttributes (231ms)
				ProcessInitializeOnLoadMethodAttributes (14ms)
				AfterProcessingInitializeOnLoad (9ms)
				EditorAssembliesLoaded (0ms)
			ExecutionOrderSort2 (0ms)
			AwakeInstancesAfterBackupRestoration (7ms)
Platform modules already initialized, skipping
========================================================================
Worker process is ready to serve import requests
Launched and connected shader compiler UnityShaderCompiler.exe after 0.06 seconds
Refreshing native plugins compatible for Editor in 0.61 ms, found 3 plugins.
Preloading 0 native plugins for Editor in 0.00 ms.
Unloading 2286 Unused Serialized files (Serialized files now loaded: 0)
System memory in use before: 102.1 MB.
System memory in use after: 102.3 MB.

Unloading 29 unused Assets to reduce memory usage. Loaded Objects now: 2727.
Total: 3.585200 ms (FindLiveObjects: 0.249500 ms CreateObjectMapping: 0.098900 ms MarkObjects: 3.161600 ms  DeleteObjects: 0.073800 ms)

AssetImportParameters requested are different than current active one (requested -> active):
  custom:framework-win-MediaFoundation: 216162199b28c13a410421893ffa2e32 -> 
  custom:video-decoder-ogg-theora: a1e56fd34408186e4bbccfd4996cb3dc -> 
  custom:container-muxer-webm: aa71ff27fc2769a1b78a27578f13a17b -> 
  custom:container-demuxer-webm: 4f35f7cbe854078d1ac9338744f61a02 -> 
  custom:container-demuxer-ogg: 62fdf1f143b41e24485cea50d1cbac27 -> 
  custom:video-encoder-webm-vp8: eb34c28f22e8b96e1ab97ce403110664 -> 
  custom:video-decoder-webm-vp8: 9c59270c3fd7afecdb556c50c9e8de78 -> 
  custom:audio-decoder-ogg-vorbis: bf7c407c2cedff20999df2af8eb42d56 -> 
  custom:audio-encoder-webm-vorbis: bf7c407c2cedff20999df2af8eb42d56 -> 
========================================================================
Received Import Request.
  path: Assets/_main/Scenes/Level2.unity
  artifactKey: Guid(104cff42eb61e234e80923690e0d1970) Importer(815301076,1909f56bfc062723c751e8b465ee728b)
Start importing Assets/_main/Scenes/Level2.unity using Guid(104cff42eb61e234e80923690e0d1970) Importer(815301076,1909f56bfc062723c751e8b465ee728b)  -> (artifact id: '58594eb776e763716300cfbc251aceea') in 0.028557 seconds 
  Import took 0.035189 seconds .

========================================================================
Received Import Request.
  Time since last request: 7.469362 seconds.
  path: Assets/_main/Audio/CoinSound.wav
  artifactKey: Guid(e33c0e43d6ae7ea4e8066a18e1a19d01) Importer(815301076,1909f56bfc062723c751e8b465ee728b)
Start importing Assets/_main/Audio/CoinSound.wav using Guid(e33c0e43d6ae7ea4e8066a18e1a19d01) Importer(815301076,1909f56bfc062723c751e8b465ee728b)  -> (artifact id: 'a85f3f8e556dfe9f2cd5c09a8a3b8df6') in 0.131639 seconds 
  Import took 0.137291 seconds .

========================================================================
Received Import Request.
  Time since last request: 0.000216 seconds.
  path: Assets/_main/Audio/Combate.wav
  artifactKey: Guid(6d8a84b23b6b4fb438896e6820761af4) Importer(815301076,1909f56bfc062723c751e8b465ee728b)
Start importing Assets/_main/Audio/Combate.wav using Guid(6d8a84b23b6b4fb438896e6820761af4) Importer(815301076,1909f56bfc062723c751e8b465ee728b)  -> (artifact id: '5c4f199c54857cf77bbf35e181c897b0') in 0.018874 seconds 
  Import took 0.023686 seconds .

========================================================================
Received Import Request.
  Time since last request: 0.000203 seconds.
  path: Assets/_main/Audio/main.mixer
  artifactKey: Guid(aa08af0c530952f449555574552e54f7) Importer(815301076,1909f56bfc062723c751e8b465ee728b)
Start importing Assets/_main/Audio/main.mixer using Guid(aa08af0c530952f449555574552e54f7) Importer(815301076,1909f56bfc062723c751e8b465ee728b)  -> (artifact id: 'bb4de102325ae44acb16d9c714c62b22') in 0.016076 seconds 
  Import took 0.020836 seconds .

========================================================================
Received Import Request.
  Time since last request: 0.000184 seconds.
  path: Assets/_main/Audio/Menu.wav
  artifactKey: Guid(4d37150f65d976040baa391eff51d2ca) Importer(815301076,1909f56bfc062723c751e8b465ee728b)
Start importing Assets/_main/Audio/Menu.wav using Guid(4d37150f65d976040baa391eff51d2ca) Importer(815301076,1909f56bfc062723c751e8b465ee728b)  -> (artifact id: '9d54a78bb9baccc22b90e4e6a0b50ae0') in 0.014879 seconds 
  Import took 0.019674 seconds .

========================================================================
Received Import Request.
  Time since last request: 0.000184 seconds.
  path: Assets/_main/Audio/Espada.wav
  artifactKey: Guid(2e7affc09d2706e458659c6fc1fb54b8) Importer(815301076,1909f56bfc062723c751e8b465ee728b)
Start importing Assets/_main/Audio/Espada.wav using Guid(2e7affc09d2706e458659c6fc1fb54b8) Importer(815301076,1909f56bfc062723c751e8b465ee728b)  -> (artifact id: 'f9a4ef801d50c3e8d71d6bf70e75df32') in 0.015704 seconds 
  Import took 0.021710 seconds .

========================================================================
Received Import Request.
  Time since last request: 17.919680 seconds.
  path: Assets/_main/Texture/Tiles/clickfire.png
  artifactKey: Guid(f56da4aeb9df2b148ba6c911738f5a8f) Importer(815301076,1909f56bfc062723c751e8b465ee728b)
Start importing Assets/_main/Texture/Tiles/clickfire.png using Guid(f56da4aeb9df2b148ba6c911738f5a8f) Importer(815301076,1909f56bfc062723c751e8b465ee728b)  -> (artifact id: 'f9ac905ff1e13898054571697d01b70b') in 0.043840 seconds 
  Import took 0.047352 seconds .

========================================================================
Received Import Request.
  Time since last request: 0.000217 seconds.
  path: Assets/_main/Texture/Tiles/clickslash.png
  artifactKey: Guid(0970fa2282f11e548ba79ac72384a76b) Importer(815301076,1909f56bfc062723c751e8b465ee728b)
Start importing Assets/_main/Texture/Tiles/clickslash.png using Guid(0970fa2282f11e548ba79ac72384a76b) Importer(815301076,1909f56bfc062723c751e8b465ee728b)  -> (artifact id: 'b1eca678ac62b45fb924b7577607d11f') in 0.016141 seconds 
  Import took 0.021025 seconds .

========================================================================
Received Import Request.
  Time since last request: 0.000177 seconds.
  path: Assets/_main/Texture/Tiles/Fcollect.png
  artifactKey: Guid(dac95adb959c07e48923f47fff936f16) Importer(815301076,1909f56bfc062723c751e8b465ee728b)
Start importing Assets/_main/Texture/Tiles/Fcollect.png using Guid(dac95adb959c07e48923f47fff936f16) Importer(815301076,1909f56bfc062723c751e8b465ee728b)  -> (artifact id: '998251ef23837b557b3cf3a49214a592') in 0.016690 seconds 
  Import took 0.021348 seconds .

========================================================================
Received Import Request.
  Time since last request: 0.000183 seconds.
  path: Assets/_main/Texture/Tiles/wasdmove.png
  artifactKey: Guid(9139068d0f9ff3748935953db989b299) Importer(815301076,1909f56bfc062723c751e8b465ee728b)
Start importing Assets/_main/Texture/Tiles/wasdmove.png using Guid(9139068d0f9ff3748935953db989b299) Importer(815301076,1909f56bfc062723c751e8b465ee728b)  -> (artifact id: 'fda6eb6e3d6ce5db241b894ac89f302d') in 0.016492 seconds 
  Import took 0.021130 seconds .

========================================================================
Received Prepare
Registering precompiled user dll's ...
Registered in 0.004405 seconds.
Begin MonoManager ReloadAssembly
Native extension for WindowsStandalone target not found
Refreshing native plugins compatible for Editor in 0.56 ms, found 3 plugins.
Preloading 0 native plugins for Editor in 0.00 ms.
Mono: successfully reloaded assembly
- Completed reload, in  1.153 seconds
Domain Reload Profiling:
	ReloadAssembly (1154ms)
		BeginReloadAssembly (128ms)
			ExecutionOrderSort (0ms)
			DisableScriptedObjects (7ms)
			BackupInstance (0ms)
			ReleaseScriptingObjects (0ms)
			CreateAndSetChildDomain (37ms)
		EndReloadAssembly (964ms)
			LoadAssemblies (91ms)
			RebuildTransferFunctionScriptingTraits (0ms)
			SetupTypeCache (323ms)
			ReleaseScriptCaches (1ms)
			RebuildScriptCaches (53ms)
			SetupLoadedEditorAssemblies (356ms)
				LogAssemblyErrors (0ms)
				InitializePlatformSupportModulesInManaged (6ms)
				SetLoadedEditorAssemblies (0ms)
				RefreshPlugins (1ms)
				BeforeProcessingInitializeOnLoad (107ms)
				ProcessInitializeOnLoadAttributes (229ms)
				ProcessInitializeOnLoadMethodAttributes (6ms)
				AfterProcessingInitializeOnLoad (6ms)
				EditorAssembliesLoaded (0ms)
			ExecutionOrderSort2 (0ms)
			AwakeInstancesAfterBackupRestoration (11ms)
Platform modules already initialized, skipping
Refreshing native plugins compatible for Editor in 0.56 ms, found 3 plugins.
Preloading 0 native plugins for Editor in 0.00 ms.
Unloading 2261 Unused Serialized files (Serialized files now loaded: 0)
System memory in use before: 103.2 MB.
System memory in use after: 103.5 MB.

Unloading 17 unused Assets to reduce memory usage. Loaded Objects now: 2746.
Total: 2.414600 ms (FindLiveObjects: 0.300900 ms CreateObjectMapping: 0.100200 ms MarkObjects: 1.995000 ms  DeleteObjects: 0.017400 ms)

AssetImportParameters requested are different than current active one (requested -> active):
  custom:framework-win-MediaFoundation: 216162199b28c13a410421893ffa2e32 -> 
  custom:video-decoder-ogg-theora: a1e56fd34408186e4bbccfd4996cb3dc -> 
  custom:container-muxer-webm: aa71ff27fc2769a1b78a27578f13a17b -> 
  custom:container-demuxer-webm: 4f35f7cbe854078d1ac9338744f61a02 -> 
  custom:container-demuxer-ogg: 62fdf1f143b41e24485cea50d1cbac27 -> 
  custom:video-encoder-webm-vp8: eb34c28f22e8b96e1ab97ce403110664 -> 
  custom:video-decoder-webm-vp8: 9c59270c3fd7afecdb556c50c9e8de78 -> 
  custom:audio-decoder-ogg-vorbis: bf7c407c2cedff20999df2af8eb42d56 -> 
  custom:audio-encoder-webm-vorbis: bf7c407c2cedff20999df2af8eb42d56 -> 
========================================================================
Received Prepare
Registering precompiled user dll's ...
Registered in 0.005632 seconds.
Begin MonoManager ReloadAssembly
Native extension for WindowsStandalone target not found
Refreshing native plugins compatible for Editor in 0.63 ms, found 3 plugins.
Preloading 0 native plugins for Editor in 0.00 ms.
Mono: successfully reloaded assembly
- Completed reload, in  1.573 seconds
Domain Reload Profiling:
	ReloadAssembly (1574ms)
		BeginReloadAssembly (160ms)
			ExecutionOrderSort (0ms)
			DisableScriptedObjects (10ms)
			BackupInstance (0ms)
			ReleaseScriptingObjects (0ms)
			CreateAndSetChildDomain (51ms)
		EndReloadAssembly (1325ms)
			LoadAssemblies (119ms)
			RebuildTransferFunctionScriptingTraits (0ms)
			SetupTypeCache (412ms)
			ReleaseScriptCaches (1ms)
			RebuildScriptCaches (89ms)
			SetupLoadedEditorAssemblies (531ms)
				LogAssemblyErrors (0ms)
				InitializePlatformSupportModulesInManaged (7ms)
				SetLoadedEditorAssemblies (1ms)
				RefreshPlugins (1ms)
				BeforeProcessingInitializeOnLoad (155ms)
				ProcessInitializeOnLoadAttributes (345ms)
				ProcessInitializeOnLoadMethodAttributes (11ms)
				AfterProcessingInitializeOnLoad (11ms)
				EditorAssembliesLoaded (0ms)
			ExecutionOrderSort2 (0ms)
			AwakeInstancesAfterBackupRestoration (20ms)
Platform modules already initialized, skipping
Refreshing native plugins compatible for Editor in 0.80 ms, found 3 plugins.
Preloading 0 native plugins for Editor in 0.00 ms.
Unloading 2261 Unused Serialized files (Serialized files now loaded: 0)
System memory in use before: 103.3 MB.
System memory in use after: 103.5 MB.

Unloading 17 unused Assets to reduce memory usage. Loaded Objects now: 2750.
Total: 2.726500 ms (FindLiveObjects: 0.258500 ms CreateObjectMapping: 0.219300 ms MarkObjects: 2.229400 ms  DeleteObjects: 0.018200 ms)

AssetImportParameters requested are different than current active one (requested -> active):
  custom:framework-win-MediaFoundation: 216162199b28c13a410421893ffa2e32 -> 
  custom:video-decoder-ogg-theora: a1e56fd34408186e4bbccfd4996cb3dc -> 
  custom:container-muxer-webm: aa71ff27fc2769a1b78a27578f13a17b -> 
  custom:container-demuxer-webm: 4f35f7cbe854078d1ac9338744f61a02 -> 
  custom:container-demuxer-ogg: 62fdf1f143b41e24485cea50d1cbac27 -> 
  custom:video-encoder-webm-vp8: eb34c28f22e8b96e1ab97ce403110664 -> 
  custom:video-decoder-webm-vp8: 9c59270c3fd7afecdb556c50c9e8de78 -> 
  custom:audio-decoder-ogg-vorbis: bf7c407c2cedff20999df2af8eb42d56 -> 
  custom:audio-encoder-webm-vorbis: bf7c407c2cedff20999df2af8eb42d56 -> 
========================================================================
Received Prepare
Registering precompiled user dll's ...
Registered in 0.004172 seconds.
Begin MonoManager ReloadAssembly
Native extension for WindowsStandalone target not found
Refreshing native plugins compatible for Editor in 0.51 ms, found 3 plugins.
Preloading 0 native plugins for Editor in 0.00 ms.
Mono: successfully reloaded assembly
- Completed reload, in  1.250 seconds
Domain Reload Profiling:
	ReloadAssembly (1250ms)
		BeginReloadAssembly (130ms)
			ExecutionOrderSort (0ms)
			DisableScriptedObjects (7ms)
			BackupInstance (0ms)
			ReleaseScriptingObjects (0ms)
			CreateAndSetChildDomain (40ms)
		EndReloadAssembly (1028ms)
			LoadAssemblies (102ms)
			RebuildTransferFunctionScriptingTraits (0ms)
			SetupTypeCache (324ms)
			ReleaseScriptCaches (2ms)
			RebuildScriptCaches (67ms)
			SetupLoadedEditorAssemblies (410ms)
				LogAssemblyErrors (0ms)
				InitializePlatformSupportModulesInManaged (7ms)
				SetLoadedEditorAssemblies (0ms)
				RefreshPlugins (1ms)
				BeforeProcessingInitializeOnLoad (127ms)
				ProcessInitializeOnLoadAttributes (261ms)
				ProcessInitializeOnLoadMethodAttributes (6ms)
				AfterProcessingInitializeOnLoad (8ms)
				EditorAssembliesLoaded (0ms)
			ExecutionOrderSort2 (0ms)
			AwakeInstancesAfterBackupRestoration (11ms)
Platform modules already initialized, skipping
Refreshing native plugins compatible for Editor in 0.59 ms, found 3 plugins.
Preloading 0 native plugins for Editor in 0.00 ms.
Unloading 2261 Unused Serialized files (Serialized files now loaded: 0)
System memory in use before: 103.3 MB.
System memory in use after: 103.5 MB.

Unloading 17 unused Assets to reduce memory usage. Loaded Objects now: 2754.
Total: 2.279100 ms (FindLiveObjects: 0.246500 ms CreateObjectMapping: 0.106900 ms MarkObjects: 1.908800 ms  DeleteObjects: 0.015900 ms)

AssetImportParameters requested are different than current active one (requested -> active):
  custom:framework-win-MediaFoundation: 216162199b28c13a410421893ffa2e32 -> 
  custom:video-decoder-ogg-theora: a1e56fd34408186e4bbccfd4996cb3dc -> 
  custom:container-muxer-webm: aa71ff27fc2769a1b78a27578f13a17b -> 
  custom:container-demuxer-webm: 4f35f7cbe854078d1ac9338744f61a02 -> 
  custom:container-demuxer-ogg: 62fdf1f143b41e24485cea50d1cbac27 -> 
  custom:video-encoder-webm-vp8: eb34c28f22e8b96e1ab97ce403110664 -> 
  custom:video-decoder-webm-vp8: 9c59270c3fd7afecdb556c50c9e8de78 -> 
  custom:audio-decoder-ogg-vorbis: bf7c407c2cedff20999df2af8eb42d56 -> 
  custom:audio-encoder-webm-vorbis: bf7c407c2cedff20999df2af8eb42d56 -> 
========================================================================
Received Prepare
Registering precompiled user dll's ...
Registered in 0.004806 seconds.
Begin MonoManager ReloadAssembly
Native extension for WindowsStandalone target not found
Refreshing native plugins compatible for Editor in 0.48 ms, found 3 plugins.
Preloading 0 native plugins for Editor in 0.00 ms.
Mono: successfully reloaded assembly
- Completed reload, in  1.140 seconds
Domain Reload Profiling:
	ReloadAssembly (1141ms)
		BeginReloadAssembly (121ms)
			ExecutionOrderSort (0ms)
			DisableScriptedObjects (7ms)
			BackupInstance (0ms)
			ReleaseScriptingObjects (0ms)
			CreateAndSetChildDomain (36ms)
		EndReloadAssembly (957ms)
			LoadAssemblies (89ms)
			RebuildTransferFunctionScriptingTraits (0ms)
			SetupTypeCache (332ms)
			ReleaseScriptCaches (1ms)
			RebuildScriptCaches (58ms)
			SetupLoadedEditorAssemblies (363ms)
				LogAssemblyErrors (0ms)
				InitializePlatformSupportModulesInManaged (6ms)
				SetLoadedEditorAssemblies (0ms)
				RefreshPlugins (1ms)
				BeforeProcessingInitializeOnLoad (109ms)
				ProcessInitializeOnLoadAttributes (234ms)
				ProcessInitializeOnLoadMethodAttributes (6ms)
				AfterProcessingInitializeOnLoad (7ms)
				EditorAssembliesLoaded (0ms)
			ExecutionOrderSort2 (0ms)
			AwakeInstancesAfterBackupRestoration (11ms)
Platform modules already initialized, skipping
Refreshing native plugins compatible for Editor in 0.49 ms, found 3 plugins.
Preloading 0 native plugins for Editor in 0.00 ms.
Unloading 2261 Unused Serialized files (Serialized files now loaded: 0)
System memory in use before: 103.3 MB.
System memory in use after: 103.6 MB.

Unloading 17 unused Assets to reduce memory usage. Loaded Objects now: 2758.
Total: 2.431000 ms (FindLiveObjects: 0.206800 ms CreateObjectMapping: 0.096200 ms MarkObjects: 2.110100 ms  DeleteObjects: 0.017100 ms)

AssetImportParameters requested are different than current active one (requested -> active):
  custom:framework-win-MediaFoundation: 216162199b28c13a410421893ffa2e32 -> 
  custom:video-decoder-ogg-theora: a1e56fd34408186e4bbccfd4996cb3dc -> 
  custom:container-muxer-webm: aa71ff27fc2769a1b78a27578f13a17b -> 
  custom:container-demuxer-webm: 4f35f7cbe854078d1ac9338744f61a02 -> 
  custom:container-demuxer-ogg: 62fdf1f143b41e24485cea50d1cbac27 -> 
  custom:video-encoder-webm-vp8: eb34c28f22e8b96e1ab97ce403110664 -> 
  custom:video-decoder-webm-vp8: 9c59270c3fd7afecdb556c50c9e8de78 -> 
  custom:audio-decoder-ogg-vorbis: bf7c407c2cedff20999df2af8eb42d56 -> 
  custom:audio-encoder-webm-vorbis: bf7c407c2cedff20999df2af8eb42d56 -> 
========================================================================
Received Import Request.
  Time since last request: 904.816031 seconds.
  path: Assets/_main/Texture/Player/backidle.png
  artifactKey: Guid(5a923c5eef2320f4bbc6ad8ec2b720c2) Importer(815301076,1909f56bfc062723c751e8b465ee728b)
Start importing Assets/_main/Texture/Player/backidle.png using Guid(5a923c5eef2320f4bbc6ad8ec2b720c2) Importer(815301076,1909f56bfc062723c751e8b465ee728b)  -> (artifact id: 'e3420e0cf6509d9e704dbcf23319d467') in 0.096898 seconds 
  Import took 0.103069 seconds .

========================================================================
Received Import Request.
  Time since last request: 0.000203 seconds.
  path: Assets/_main/Texture/Player/downcast.png
  artifactKey: Guid(f304a5b6a11f1f24fbdfab891009b32a) Importer(815301076,1909f56bfc062723c751e8b465ee728b)
Start importing Assets/_main/Texture/Player/downcast.png using Guid(f304a5b6a11f1f24fbdfab891009b32a) Importer(815301076,1909f56bfc062723c751e8b465ee728b)  -> (artifact id: '025df064112944df4374d3b4a95d1620') in 0.048375 seconds 
  Import took 0.052598 seconds .

========================================================================
Received Import Request.
  Time since last request: 0.000198 seconds.
  path: Assets/_main/Texture/Player/sidemoveder.png
  artifactKey: Guid(8f81ce42733799749a9a7b633b81ddb9) Importer(815301076,1909f56bfc062723c751e8b465ee728b)
Start importing Assets/_main/Texture/Player/sidemoveder.png using Guid(8f81ce42733799749a9a7b633b81ddb9) Importer(815301076,1909f56bfc062723c751e8b465ee728b)  -> (artifact id: '8d4f2939612e7096dd7692fedcc619f8') in 0.032984 seconds 
  Import took 0.038037 seconds .

========================================================================
Received Import Request.
  Time since last request: 0.000191 seconds.
  path: Assets/_main/Texture/Player/izqidle.png
  artifactKey: Guid(81aaeb737e4552d46be878d70993adb6) Importer(815301076,1909f56bfc062723c751e8b465ee728b)
Start importing Assets/_main/Texture/Player/izqidle.png using Guid(81aaeb737e4552d46be878d70993adb6) Importer(815301076,1909f56bfc062723c751e8b465ee728b)  -> (artifact id: 'fc68b199490aa12597a194a9f45ae094') in 0.049089 seconds 
  Import took 0.052934 seconds .

========================================================================
Received Import Request.
  Time since last request: 0.000203 seconds.
  path: Assets/_main/Texture/Player/downslash.png
  artifactKey: Guid(29a0bcafb83104d4998dcd4db6ecdbb9) Importer(815301076,1909f56bfc062723c751e8b465ee728b)
Start importing Assets/_main/Texture/Player/downslash.png using Guid(29a0bcafb83104d4998dcd4db6ecdbb9) Importer(815301076,1909f56bfc062723c751e8b465ee728b)  -> (artifact id: 'abef0d2d92815382c684f7588dbd852d') in 0.034917 seconds 
  Import took 0.039197 seconds .

========================================================================
Received Import Request.
  Time since last request: 0.000200 seconds.
  path: Assets/_main/Texture/Player/deridle.png
  artifactKey: Guid(feaafed12de6c8b419580b15ed3d2379) Importer(815301076,1909f56bfc062723c751e8b465ee728b)
Start importing Assets/_main/Texture/Player/deridle.png using Guid(feaafed12de6c8b419580b15ed3d2379) Importer(815301076,1909f56bfc062723c751e8b465ee728b)  -> (artifact id: '816a931d417d5148501ef1da8d5d0d8d') in 0.044375 seconds 
  Import took 0.048150 seconds .

========================================================================
Received Import Request.
  Time since last request: 0.000197 seconds.
  path: Assets/_main/Texture/Player/Dummy2.png
  artifactKey: Guid(0a25a495e28ece14cab147309e291b5c) Importer(815301076,1909f56bfc062723c751e8b465ee728b)
Start importing Assets/_main/Texture/Player/Dummy2.png using Guid(0a25a495e28ece14cab147309e291b5c) Importer(815301076,1909f56bfc062723c751e8b465ee728b)  -> (artifact id: '1cf9e7ef5ad8dffdb50632f2a64a0b54') in 0.036141 seconds 
  Import took 0.040699 seconds .

========================================================================
Received Import Request.
  Time since last request: 0.000205 seconds.
  path: Assets/_main/Texture/Player/frenteidle.png
  artifactKey: Guid(6c5887af73b2a6e4c9792c8257fb3a4b) Importer(815301076,1909f56bfc062723c751e8b465ee728b)
Start importing Assets/_main/Texture/Player/frenteidle.png using Guid(6c5887af73b2a6e4c9792c8257fb3a4b) Importer(815301076,1909f56bfc062723c751e8b465ee728b)  -> (artifact id: 'a13231dab2736bf222e19a825b19eb1d') in 0.038145 seconds 
  Import took 0.042781 seconds .

========================================================================
Received Import Request.
  Time since last request: 0.000224 seconds.
  path: Assets/_main/Texture/Player/Dummy2front.png
  artifactKey: Guid(cdc39af3badd80b44960f76ebb2b00a0) Importer(815301076,1909f56bfc062723c751e8b465ee728b)
Start importing Assets/_main/Texture/Player/Dummy2front.png using Guid(cdc39af3badd80b44960f76ebb2b00a0) Importer(815301076,1909f56bfc062723c751e8b465ee728b)  -> (artifact id: 'c73d04c5472ee79dd0f60b0bf9a6c519') in 0.049949 seconds 
  Import took 0.053819 seconds .

========================================================================
Received Import Request.
  Time since last request: 0.000188 seconds.
  path: Assets/_main/Texture/Player/Dummy2side.png
  artifactKey: Guid(cdfb9224d7e397a4e8c86fb91f61e787) Importer(815301076,1909f56bfc062723c751e8b465ee728b)
Start importing Assets/_main/Texture/Player/Dummy2side.png using Guid(cdfb9224d7e397a4e8c86fb91f61e787) Importer(815301076,1909f56bfc062723c751e8b465ee728b)  -> (artifact id: 'eb06c4862a853ec277c576239c37aecd') in 0.051382 seconds 
  Import took 0.056398 seconds .

========================================================================
Received Import Request.
  Time since last request: 0.000206 seconds.
  path: Assets/_main/Texture/Player/Dummy2back.png
  artifactKey: Guid(20d55ec6d9cedb244b06ae31ff0e4160) Importer(815301076,1909f56bfc062723c751e8b465ee728b)
Start importing Assets/_main/Texture/Player/Dummy2back.png using Guid(20d55ec6d9cedb244b06ae31ff0e4160) Importer(815301076,1909f56bfc062723c751e8b465ee728b)  -> (artifact id: 'fd1f16ebd7557837aaa7fe66ae706a49') in 0.049416 seconds 
  Import took 0.052438 seconds .

========================================================================
Received Import Request.
  Time since last request: 0.000202 seconds.
  path: Assets/_main/Texture/Player/upwalk.png
  artifactKey: Guid(6d0fe8e294f361e44b6e397b889b2254) Importer(815301076,1909f56bfc062723c751e8b465ee728b)
Start importing Assets/_main/Texture/Player/upwalk.png using Guid(6d0fe8e294f361e44b6e397b889b2254) Importer(815301076,1909f56bfc062723c751e8b465ee728b)  -> (artifact id: '2a4fbd1cd1119ff9f4154bc61203d820') in 0.036731 seconds 
  Import took 0.040592 seconds .

========================================================================
Received Import Request.
  Time since last request: 0.000233 seconds.
  path: Assets/_main/Texture/Player/derslash.png
  artifactKey: Guid(937f25c0c9eaa7f4782c5d62e60f97c2) Importer(815301076,1909f56bfc062723c751e8b465ee728b)
Start importing Assets/_main/Texture/Player/derslash.png using Guid(937f25c0c9eaa7f4782c5d62e60f97c2) Importer(815301076,1909f56bfc062723c751e8b465ee728b)  -> (artifact id: '7787f37a9cc048e3a46bd33b79b60fcf') in 0.053202 seconds 
  Import took 0.057541 seconds .

========================================================================
Received Import Request.
  Time since last request: 0.000186 seconds.
  path: Assets/_main/Texture/Player/Dummy1idle.png
  artifactKey: Guid(1c43b0b5d2032394e93e913227d1030d) Importer(815301076,1909f56bfc062723c751e8b465ee728b)
Start importing Assets/_main/Texture/Player/Dummy1idle.png using Guid(1c43b0b5d2032394e93e913227d1030d) Importer(815301076,1909f56bfc062723c751e8b465ee728b)  -> (artifact id: '25442b6010b8ea7a73057d9525b481dc') in 0.033554 seconds 
  Import took 0.038003 seconds .

========================================================================
Received Import Request.
  Time since last request: 0.000202 seconds.
  path: Assets/_main/Texture/Player/sidemove.png
  artifactKey: Guid(6957f022c1a2bd84f911bae2c807c15f) Importer(815301076,1909f56bfc062723c751e8b465ee728b)
Start importing Assets/_main/Texture/Player/sidemove.png using Guid(6957f022c1a2bd84f911bae2c807c15f) Importer(815301076,1909f56bfc062723c751e8b465ee728b)  -> (artifact id: '8e903cb46c300f6c8202c010d1808b66') in 0.031513 seconds 
  Import took 0.035361 seconds .

========================================================================
Received Import Request.
  Time since last request: 0.000201 seconds.
  path: Assets/_main/Texture/Player/izqslash1.png
  artifactKey: Guid(c8b5bc83219661841adcc2e01e9f53b1) Importer(815301076,1909f56bfc062723c751e8b465ee728b)
Start importing Assets/_main/Texture/Player/izqslash1.png using Guid(c8b5bc83219661841adcc2e01e9f53b1) Importer(815301076,1909f56bfc062723c751e8b465ee728b)  -> (artifact id: 'aca1f050ff4c1d17ead2869703ce325a') in 0.049131 seconds 
  Import took 0.052330 seconds .

========================================================================
Received Import Request.
  Time since last request: 0.000223 seconds.
  path: Assets/_main/Texture/Player/Dummy1Hit.png
  artifactKey: Guid(7fba7bc211bafc844adf3eb21f62dd4f) Importer(815301076,1909f56bfc062723c751e8b465ee728b)
Start importing Assets/_main/Texture/Player/Dummy1Hit.png using Guid(7fba7bc211bafc844adf3eb21f62dd4f) Importer(815301076,1909f56bfc062723c751e8b465ee728b)  -> (artifact id: '4669b2f6b5b29fa85fac54f9e31c00bb') in 0.047241 seconds 
  Import took 0.051189 seconds .

========================================================================
Received Import Request.
  Time since last request: 0.000208 seconds.
  path: Assets/_main/Texture/Player/downwalk.png
  artifactKey: Guid(5583c4038c102044bbf6d246669c0c35) Importer(815301076,1909f56bfc062723c751e8b465ee728b)
Start importing Assets/_main/Texture/Player/downwalk.png using Guid(5583c4038c102044bbf6d246669c0c35) Importer(815301076,1909f56bfc062723c751e8b465ee728b)  -> (artifact id: '5137fe7347073ef7e34d269c3c32c63b') in 0.032176 seconds 
  Import took 0.036823 seconds .

========================================================================
Received Import Request.
  Time since last request: 0.000222 seconds.
  path: Assets/_main/Texture/Player/backslash.png
  artifactKey: Guid(7a401735ba0faf542a2610ae5a1c9846) Importer(815301076,1909f56bfc062723c751e8b465ee728b)
Start importing Assets/_main/Texture/Player/backslash.png using Guid(7a401735ba0faf542a2610ae5a1c9846) Importer(815301076,1909f56bfc062723c751e8b465ee728b)  -> (artifact id: '4f659691357c38a726be06380a62364b') in 0.049626 seconds 
  Import took 0.054831 seconds .

========================================================================
Received Prepare
Registering precompiled user dll's ...
Registered in 0.005737 seconds.
Begin MonoManager ReloadAssembly
Native extension for WindowsStandalone target not found
Refreshing native plugins compatible for Editor in 0.51 ms, found 3 plugins.
Preloading 0 native plugins for Editor in 0.00 ms.
Mono: successfully reloaded assembly
- Completed reload, in  1.251 seconds
Domain Reload Profiling:
	ReloadAssembly (1252ms)
		BeginReloadAssembly (124ms)
			ExecutionOrderSort (0ms)
			DisableScriptedObjects (8ms)
			BackupInstance (0ms)
			ReleaseScriptingObjects (0ms)
			CreateAndSetChildDomain (38ms)
		EndReloadAssembly (1057ms)
			LoadAssemblies (97ms)
			RebuildTransferFunctionScriptingTraits (0ms)
			SetupTypeCache (371ms)
			ReleaseScriptCaches (1ms)
			RebuildScriptCaches (57ms)
			SetupLoadedEditorAssemblies (418ms)
				LogAssemblyErrors (0ms)
				InitializePlatformSupportModulesInManaged (5ms)
				SetLoadedEditorAssemblies (0ms)
				RefreshPlugins (1ms)
				BeforeProcessingInitializeOnLoad (120ms)
				ProcessInitializeOnLoadAttributes (278ms)
				ProcessInitializeOnLoadMethodAttributes (6ms)
				AfterProcessingInitializeOnLoad (7ms)
				EditorAssembliesLoaded (0ms)
			ExecutionOrderSort2 (0ms)
			AwakeInstancesAfterBackupRestoration (11ms)
Platform modules already initialized, skipping
Refreshing native plugins compatible for Editor in 0.49 ms, found 3 plugins.
Preloading 0 native plugins for Editor in 0.00 ms.
Unloading 2261 Unused Serialized files (Serialized files now loaded: 0)
System memory in use before: 103.4 MB.
System memory in use after: 103.6 MB.

Unloading 17 unused Assets to reduce memory usage. Loaded Objects now: 2844.
Total: 2.491200 ms (FindLiveObjects: 0.250500 ms CreateObjectMapping: 0.119800 ms MarkObjects: 2.103700 ms  DeleteObjects: 0.014900 ms)

AssetImportParameters requested are different than current active one (requested -> active):
  custom:framework-win-MediaFoundation: 216162199b28c13a410421893ffa2e32 -> 
  custom:video-decoder-ogg-theora: a1e56fd34408186e4bbccfd4996cb3dc -> 
  custom:container-muxer-webm: aa71ff27fc2769a1b78a27578f13a17b -> 
  custom:container-demuxer-webm: 4f35f7cbe854078d1ac9338744f61a02 -> 
  custom:container-demuxer-ogg: 62fdf1f143b41e24485cea50d1cbac27 -> 
  custom:video-encoder-webm-vp8: eb34c28f22e8b96e1ab97ce403110664 -> 
  custom:video-decoder-webm-vp8: 9c59270c3fd7afecdb556c50c9e8de78 -> 
  custom:audio-decoder-ogg-vorbis: bf7c407c2cedff20999df2af8eb42d56 -> 
  custom:audio-encoder-webm-vorbis: bf7c407c2cedff20999df2af8eb42d56 -> 
========================================================================
Received Prepare
Registering precompiled user dll's ...
Registered in 0.004052 seconds.
Begin MonoManager ReloadAssembly
Native extension for WindowsStandalone target not found
Refreshing native plugins compatible for Editor in 0.57 ms, found 3 plugins.
Preloading 0 native plugins for Editor in 0.00 ms.
Mono: successfully reloaded assembly
- Completed reload, in  1.248 seconds
Domain Reload Profiling:
	ReloadAssembly (1248ms)
		BeginReloadAssembly (131ms)
			ExecutionOrderSort (0ms)
			DisableScriptedObjects (9ms)
			BackupInstance (0ms)
			ReleaseScriptingObjects (0ms)
			CreateAndSetChildDomain (39ms)
		EndReloadAssembly (1049ms)
			LoadAssemblies (98ms)
			RebuildTransferFunctionScriptingTraits (0ms)
			SetupTypeCache (341ms)
			ReleaseScriptCaches (1ms)
			RebuildScriptCaches (57ms)
			SetupLoadedEditorAssemblies (425ms)
				LogAssemblyErrors (0ms)
				InitializePlatformSupportModulesInManaged (5ms)
				SetLoadedEditorAssemblies (0ms)
				RefreshPlugins (1ms)
				BeforeProcessingInitializeOnLoad (128ms)
				ProcessInitializeOnLoadAttributes (275ms)
				ProcessInitializeOnLoadMethodAttributes (7ms)
				AfterProcessingInitializeOnLoad (8ms)
				EditorAssembliesLoaded (0ms)
			ExecutionOrderSort2 (0ms)
			AwakeInstancesAfterBackupRestoration (11ms)
Platform modules already initialized, skipping
Refreshing native plugins compatible for Editor in 0.60 ms, found 3 plugins.
Preloading 0 native plugins for Editor in 0.00 ms.
Unloading 2261 Unused Serialized files (Serialized files now loaded: 0)
System memory in use before: 103.5 MB.
System memory in use after: 103.7 MB.

Unloading 17 unused Assets to reduce memory usage. Loaded Objects now: 2848.
Total: 2.200000 ms (FindLiveObjects: 0.212600 ms CreateObjectMapping: 0.090500 ms MarkObjects: 1.879300 ms  DeleteObjects: 0.016600 ms)

AssetImportParameters requested are different than current active one (requested -> active):
  custom:framework-win-MediaFoundation: 216162199b28c13a410421893ffa2e32 -> 
  custom:video-decoder-ogg-theora: a1e56fd34408186e4bbccfd4996cb3dc -> 
  custom:container-muxer-webm: aa71ff27fc2769a1b78a27578f13a17b -> 
  custom:container-demuxer-webm: 4f35f7cbe854078d1ac9338744f61a02 -> 
  custom:container-demuxer-ogg: 62fdf1f143b41e24485cea50d1cbac27 -> 
  custom:video-encoder-webm-vp8: eb34c28f22e8b96e1ab97ce403110664 -> 
  custom:video-decoder-webm-vp8: 9c59270c3fd7afecdb556c50c9e8de78 -> 
  custom:audio-decoder-ogg-vorbis: bf7c407c2cedff20999df2af8eb42d56 -> 
  custom:audio-encoder-webm-vorbis: bf7c407c2cedff20999df2af8eb42d56 -> 
========================================================================
Received Prepare
Registering precompiled user dll's ...
Registered in 0.004509 seconds.
Begin MonoManager ReloadAssembly
Native extension for WindowsStandalone target not found
Refreshing native plugins compatible for Editor in 0.48 ms, found 3 plugins.
Preloading 0 native plugins for Editor in 0.00 ms.
Mono: successfully reloaded assembly
- Completed reload, in  1.215 seconds
Domain Reload Profiling:
	ReloadAssembly (1215ms)
		BeginReloadAssembly (133ms)
			ExecutionOrderSort (0ms)
			DisableScriptedObjects (7ms)
			BackupInstance (0ms)
			ReleaseScriptingObjects (0ms)
			CreateAndSetChildDomain (39ms)
		EndReloadAssembly (1013ms)
			LoadAssemblies (105ms)
			RebuildTransferFunctionScriptingTraits (0ms)
			SetupTypeCache (356ms)
			ReleaseScriptCaches (2ms)
			RebuildScriptCaches (66ms)
			SetupLoadedEditorAssemblies (368ms)
				LogAssemblyErrors (0ms)
				InitializePlatformSupportModulesInManaged (6ms)
				SetLoadedEditorAssemblies (0ms)
				RefreshPlugins (1ms)
				BeforeProcessingInitializeOnLoad (105ms)
				ProcessInitializeOnLoadAttributes (244ms)
				ProcessInitializeOnLoadMethodAttributes (6ms)
				AfterProcessingInitializeOnLoad (7ms)
				EditorAssembliesLoaded (0ms)
			ExecutionOrderSort2 (0ms)
			AwakeInstancesAfterBackupRestoration (11ms)
Platform modules already initialized, skipping
Refreshing native plugins compatible for Editor in 0.49 ms, found 3 plugins.
Preloading 0 native plugins for Editor in 0.00 ms.
Unloading 2261 Unused Serialized files (Serialized files now loaded: 0)
System memory in use before: 103.5 MB.
System memory in use after: 103.7 MB.

Unloading 17 unused Assets to reduce memory usage. Loaded Objects now: 2852.
Total: 2.643500 ms (FindLiveObjects: 0.232200 ms CreateObjectMapping: 0.092200 ms MarkObjects: 2.300900 ms  DeleteObjects: 0.017400 ms)

AssetImportParameters requested are different than current active one (requested -> active):
  custom:framework-win-MediaFoundation: 216162199b28c13a410421893ffa2e32 -> 
  custom:video-decoder-ogg-theora: a1e56fd34408186e4bbccfd4996cb3dc -> 
  custom:container-muxer-webm: aa71ff27fc2769a1b78a27578f13a17b -> 
  custom:container-demuxer-webm: 4f35f7cbe854078d1ac9338744f61a02 -> 
  custom:container-demuxer-ogg: 62fdf1f143b41e24485cea50d1cbac27 -> 
  custom:video-encoder-webm-vp8: eb34c28f22e8b96e1ab97ce403110664 -> 
  custom:video-decoder-webm-vp8: 9c59270c3fd7afecdb556c50c9e8de78 -> 
  custom:audio-decoder-ogg-vorbis: bf7c407c2cedff20999df2af8eb42d56 -> 
  custom:audio-encoder-webm-vorbis: bf7c407c2cedff20999df2af8eb42d56 -> 
AssetImportWorkerClient::OnTransportError - code=2 error=End of file
